Table GAME_AREA_PARAM_ST with 13 fields
- <u32> bonusSoul_single エリアボスを倒したときに取得できるソウル量(シングルプレイ時)
- <u32> bonusSoul_multi エリアボスを倒したときに取得できるソウル量(マルチプレイ時)
- <s32> humanityPointCountFlagIdTop 人間性ドロップポイントを管理する為の先頭フラグID(20Bit使用)
- <u16> humanityDropPoint1 人間性を取得する為の閾値1
- <u16> humanityDropPoint2 人間性を取得する為の閾値2
- <u16> humanityDropPoint3 人間性を取得する為の閾値3
- <u16> humanityDropPoint4 人間性を取得する為の閾値4
- <u16> humanityDropPoint5 人間性を取得する為の閾値5
- <u16> humanityDropPoint6 人間性を取得する為の閾値6
- <u16> humanityDropPoint7 人間性を取得する為の閾値7
- <u16> humanityDropPoint8 人間性を取得する為の閾値8
- <u16> humanityDropPoint9 人間性を取得する為の閾値9
- <u16> humanityDropPoint10 人間性を取得する為の閾値10
> 10000               10000               -1                  65535               65535               65535               65535               65535               65535               65535               65535               65535               65535                -- テスト
> 10000               10000               -1                  65535               65535               65535               65535               65535               65535               65535               65535               65535               65535                -- テスト1
> 15000               15000               -1                  65535               65535               65535               65535               65535               65535               65535               65535               65535               65535                -- 石柱_なりそこない
> 1270                1270                -1                  65535               65535               65535               65535               65535               65535               65535               65535               65535               65535                -- 王城1_ファランクス（本体）
> 8570                8570                -1                  65535               65535               65535               65535               65535               65535               65535               65535               65535               65535                -- 王城2_王の盾
> 35850               35850               -1                  65535               65535               65535               65535               65535               65535               65535               65535               65535               65535                -- 王城3_王の剣
> 75500               75500               -1                  65535               65535               65535               65535               65535               65535               65535               65535               65535               65535                -- 王城4_レンドル王
> 11700               11700               -1                  65535               65535               65535               65535               65535               65535               65535               65535               65535               65535                -- 古砦1_審判者
> 33750               33750               -1                  65535               65535               65535               65535               65535               65535               65535               65535               65535               65535                -- 古砦2_嵐の戦士
> 40400               40400               -1                  65535               65535               65535               65535               65535               65535               65535               65535               65535               65535                -- 古砦3_嵐の獣
> 8430                8430                -1                  65535               65535               65535               65535               65535               65535               65535               65535               65535               65535                -- 牢城1_カミサマ
> 13880               13880               -1                  65535               65535               65535               65535               65535               65535               65535               65535               65535               65535                -- 牢城2_キメラ
> 24700               24700               -1                  65535               65535               65535               65535               65535               65535               65535               65535               65535               65535                -- 牢城3_召喚ＮＰＣ
> 8249                8249                -1                  65535               65535               65535               65535               65535               65535               65535               65535               65535               65535                -- 不浄1_蛭デーモン
> 33433               33433               -1                  65535               65535               65535               65535               65535               65535               65535               65535               65535               65535                -- 不浄2_蠅たかり
> 23400               23400               -1                  65535               65535               65535               65535               65535               65535               65535               65535               65535               65535                -- 不浄3_聖女リーブラ
> 5950                5950                -1                  65535               65535               65535               65535               65535               65535               65535               65535               65535               65535                -- 坑道1_大蜘蛛
> 22500               22500               -1                  65535               65535               65535               65535               65535               65535               65535               65535               65535               65535                -- 坑道2_炎怪人
> 26800               26800               -1                  65535               65535               65535               65535               65535               65535               65535               65535               65535               65535                -- 坑道3_ドラゴンデーモン(坑道)
> 1000                1000                -1                  65535               65535               65535               65535               65535               65535               65535               65535               65535               65535                -- チュートリアル_デブデーモン
> 25000               25000               8500                100                 105                 110                 120                 140                 160                 190                 220                 255                 300                  -- 城下2_貪食ドラゴン
> 3000                3000                8520                100                 105                 110                 120                 140                 160                 190                 220                 255                 300                  -- 城下1_ハンマーデーモン
> 6000                6000                8540                100                 105                 110                 120                 140                 160                 190                 220                 255                 300                  -- 城下1_ナタデーモン
> 10000               10000               8560                200                 210                 220                 240                 280                 320                 380                 440                 510                 600                  -- 城下1_ガーゴイル
> 30000               30000               8600                200                 210                 220                 240                 280                 320                 380                 440                 510                 600                  -- 絵画世界_半竜プリシラ
> 40000               40000               8640                100                 105                 110                 120                 140                 160                 190                 220                 255                 300                  -- 森庭_聖剣の狼
> 10000               10000               8620                100                 105                 110                 120                 140                 160                 190                 220                 255                 300                  -- 森庭_カゲロウ龍
> 60000               60000               -1                  100                 105                 110                 120                 140                 160                 190                 220                 255                 300                  -- 過去森_黒竜
> 30000               30000               -1                  100                 105                 110                 120                 140                 160                 190                 220                 255                 300                  -- 過去森_金キメラ
> 50000               50000               8160                100                 105                 110                 120                 140                 160                 190                 220                 255                 300                  -- 過去森_アルトリウス
> 60000               60000               8180                100                 105                 110                 120                 140                 160                 190                 220                 255                 300                  -- 過去森_深淵の主
> 15000               15000               8660                100                 105                 110                 120                 140                 160                 190                 220                 255                 300                  -- 墓地1_三人羽織
> 60000               60000               8680                100                 105                 110                 120                 140                 160                 190                 220                 255                 300                  -- 墓地2_墓王ニト
> 20000               20000               8720                300                 315                 330                 360                 420                 480                 570                 660                 765                 900                  -- 影町_焔の魔女クラグスパイダー
> 20000               20000               8760                100                 105                 110                 120                 140                 160                 190                 220                 255                 300                  -- 廃都_デブデーモン
> 20000               20000               8740                100                 105                 110                 120                 140                 160                 190                 220                 255                 300                  -- 廃都_爛れ続けるもの
> 40000               40000               8780                100                 105                 110                 120                 140                 160                 190                 220                 255                 300                  -- 廃都_ムカデーモン
> 60000               60000               8800                100                 105                 110                 120                 140                 160                 190                 220                 255                 300                  -- 廃都_キングイザリス
> 40000               40000               8820                100                 105                 110                 120                 140                 160                 190                 220                 255                 300                  -- 王城1_アイアンゴーレム
> 40000               40000               -1                  65535               65535               65535               65535               65535               65535               65535               65535               65535               65535                -- 王城2_王母弟
> 50000               50000               8860                100                 105                 110                 120                 140                 160                 190                 220                 255                 300                  -- 王城2_ヒュージグリフィス
> 50000               50000               -1                  65535               65535               65535               65535               65535               65535               65535               65535               65535               65535                -- 王城2_ライトニングスモウ
> 60000               60000               8880                300                 315                 330                 360                 420                 480                 570                 660                 765                 900                  -- 深淵_ジャイールデーモン
> 60000               60000               8920                300                 315                 330                 360                 420                 480                 570                 660                 765                 900                  -- 結晶塔_シース
> 70000               70000               8940                100                 105                 110                 120                 140                 160                 190                 220                 255                 300                  -- 大墓_薪の王
> 2000                2000                -1                  65535               65535               65535               65535               65535               65535               65535               65535               65535               65535                -- チュートリアル_ミニデブデーモン
> 20000               20000               -1                  65535               65535               65535               65535               65535               65535               65535               65535               65535               65535                -- チュートリアル_デブデーモン
